2023-05-09 11:40:30,971 =============================================================
2023-05-09 11:40:30,971 =============================================================
2023-05-09 11:40:30,972 Today is 2023-05-09 at 11:40 AM
2023-05-09 11:40:31,003 This file is running on: nt Windows 10
2023-05-09 11:40:31,003 The Python version is: 3.11.3
2023-05-09 11:40:31,003 The active conda environment is:  None
2023-05-09 11:40:31,003 The active pip environment is:    None
2023-05-09 11:40:31,003 The active environment path is:   C:\Program Files\WindowsApps\PythonSoftwareFoundation.Python.3.11_3.11.1008.0_x64__qbz5n2kfra8p0
2023-05-09 11:40:31,003 The current working directory is: C:\Users\bambe\Documents\datafun-01-getting-started
2023-05-09 11:40:31,003 This source file is in:           c:\Users\bambe\Documents\datafun-01-getting-started
2023-05-09 11:40:31,003 =============================================================
2023-05-09 11:40:31,003 =============================================================
2023-05-09 11:40:31,003 Name: Bambee Garfield 
2023-05-09 11:40:31,003 State: California
2023-05-09 11:40:31,003 Country: USA
2023-05-09 11:40:31,003 Pet count: 3
2023-05-09 11:40:31,003 Skill count: 24
2023-05-09 11:40:31,003 Temperature: 81.5
2023-05-09 11:40:31,003 Pet weight: 12.5
2023-05-09 11:40:31,003 Has dog: False
2023-05-09 11:40:31,003 Likes analytics: True
2023-05-09 11:40:31,003 Likes Python: True
